<?xml version="1.0" encoding="UTF-8"?>
<coverage generated="1600266680365" clover="3.2.0">
  <project timestamp="1600266680366" name="All files">
    <metrics statements="189" coveredstatements="188" conditionals="102" coveredconditionals="94" methods="45" coveredmethods="45" elements="336" coveredelements="327" complexity="0" loc="189" ncloc="189" packages="5" files="7" classes="7"/>
    <package name="src">
      <metrics statements="17" coveredstatements="17" conditionals="8" coveredconditionals="7" methods="7" coveredmethods="7"/>
      <file name="index.js" path="/Users/Arun/play/github/mine/react-d3-speedometer/src/index.js">
        <metrics statements="17" coveredstatements="17" conditionals="8" coveredconditionals="7" methods="7" coveredmethods="7"/>
        <line num="10" count="1" type="stmt"/>
        <line num="13" count="23" type="stmt"/>
        <line num="16" count="23" type="stmt"/>
        <line num="24" count="22" type="stmt"/>
        <line num="27" count="23" type="stmt"/>
        <line num="28" count="34" type="stmt"/>
        <line num="33" count="6" type="cond" truecount="2" falsecount="0"/>
        <line num="34" count="1" type="stmt"/>
        <line num="37" count="5" type="stmt"/>
        <line num="42" count="23" type="stmt"/>
        <line num="49" count="23" type="stmt"/>
        <line num="53" count="23" type="stmt"/>
        <line num="58" count="23" type="stmt"/>
        <line num="66" count="5" type="stmt"/>
        <line num="73" count="5" type="stmt"/>
        <line num="83" count="1" type="stmt"/>
        <line num="145" count="1" type="stmt"/>
      </file>
    </package>
    <package name="src.core">
      <metrics statements="1" coveredstatements="1" conditionals="0" coveredconditionals="0" methods="0" coveredmethods="0"/>
      <file name="enums.js" path="/Users/Arun/play/github/mine/react-d3-speedometer/src/core/enums.js">
        <metrics statements="1" coveredstatements="1" conditionals="0" coveredconditionals="0" methods="0" coveredmethods="0"/>
        <line num="1" count="1" type="stmt"/>
      </file>
    </package>
    <package name="src.core.config">
      <metrics statements="30" coveredstatements="30" conditionals="10" coveredconditionals="8" methods="9" coveredmethods="9"/>
      <file name="configure.js" path="/Users/Arun/play/github/mine/react-d3-speedometer/src/core/config/configure.js">
        <metrics statements="23" coveredstatements="23" conditionals="4" coveredconditionals="4" methods="7" coveredmethods="7"/>
        <line num="12" count="1" type="stmt"/>
        <line num="13" count="1" type="stmt"/>
        <line num="14" count="1" type="stmt"/>
        <line num="15" count="1" type="stmt"/>
        <line num="18" count="28" type="stmt"/>
        <line num="26" count="23" type="stmt"/>
        <line num="28" count="23" type="stmt"/>
        <line num="34" count="23" type="cond" truecount="4" falsecount="0"/>
        <line num="35" count="1" type="stmt"/>
        <line num="38" count="23" type="stmt"/>
        <line num="42" count="23" type="stmt"/>
        <line num="43" count="2095" type="stmt"/>
        <line num="46" count="23" type="stmt"/>
        <line num="53" count="23" type="stmt"/>
        <line num="57" count="23" type="stmt"/>
        <line num="59" count="23" type="stmt"/>
        <line num="60" count="23" type="stmt"/>
        <line num="62" count="23" type="stmt"/>
        <line num="66" count="2096" type="stmt"/>
        <line num="67" count="2096" type="stmt"/>
        <line num="70" count="2096" type="stmt"/>
        <line num="71" count="2096" type="stmt"/>
        <line num="74" count="23" type="stmt"/>
      </file>
      <file name="index.js" path="/Users/Arun/play/github/mine/react-d3-speedometer/src/core/config/index.js">
        <metrics statements="7" coveredstatements="7" conditionals="6" coveredconditionals="4" methods="2" coveredmethods="2"/>
        <line num="10" count="1" type="stmt"/>
        <line num="68" count="1" type="stmt"/>
        <line num="80" count="1" type="stmt"/>
        <line num="81" count="23" type="stmt"/>
        <line num="139" count="23" type="stmt"/>
        <line num="142" count="1" type="stmt"/>
        <line num="143" count="5" type="stmt"/>
      </file>
    </package>
    <package name="src.core.render">
      <metrics statements="73" coveredstatements="72" conditionals="28" coveredconditionals="23" methods="16" coveredmethods="16"/>
      <file name="index.js" path="/Users/Arun/play/github/mine/react-d3-speedometer/src/core/render/index.js">
        <metrics statements="73" coveredstatements="72" conditionals="28" coveredconditionals="23" methods="16" coveredmethods="16"/>
        <line num="25" count="1" type="stmt"/>
        <line num="26" count="28" type="stmt"/>
        <line num="27" count="28" type="stmt"/>
        <line num="28" count="28" type="stmt"/>
        <line num="30" count="28" type="stmt"/>
        <line num="32" count="28" type="stmt"/>
        <line num="38" count="28" type="stmt"/>
        <line num="41" count="1" type="stmt"/>
        <line num="42" count="23" type="stmt"/>
        <line num="43" count="23" type="stmt"/>
        <line num="49" count="23" type="stmt"/>
        <line num="51" count="23" type="stmt"/>
        <line num="52" count="23" type="stmt"/>
        <line num="54" count="23" type="stmt"/>
        <line num="63" count="23" type="stmt"/>
        <line num="64" count="23" type="stmt"/>
        <line num="66" count="23" type="stmt"/>
        <line num="79" count="23" type="stmt"/>
        <line num="80" count="23" type="stmt"/>
        <line num="82" count="23" type="stmt"/>
        <line num="87" count="23" type="stmt"/>
        <line num="95" count="2096" type="cond" truecount="4" falsecount="0"/>
        <line num="96" count="13" type="stmt"/>
        <line num="99" count="2083" type="stmt"/>
        <line num="105" count="23" type="stmt"/>
        <line num="106" count="23" type="stmt"/>
        <line num="107" count="23" type="stmt"/>
        <line num="108" count="23" type="stmt"/>
        <line num="111" count="23" type="stmt"/>
        <line num="114" count="23" type="cond" truecount="2" falsecount="0"/>
        <line num="116" count="23" type="cond" truecount="2" falsecount="0"/>
        <line num="119" count="23" type="cond" truecount="3" falsecount="1"/>
        <line num="120" count="0" type="stmt"/>
        <line num="128" count="23" type="cond" truecount="4" falsecount="0"/>
        <line num="129" count="1" type="stmt"/>
        <line num="140" count="1" type="stmt"/>
        <line num="144" count="22" type="stmt"/>
        <line num="149" count="22" type="stmt"/>
        <line num="155" count="120" type="cond" truecount="2" falsecount="0"/>
        <line num="159" count="120" type="stmt"/>
        <line num="161" count="120" type="stmt"/>
        <line num="185" count="1" type="stmt"/>
        <line num="190" count="10" type="cond" truecount="1" falsecount="1"/>
        <line num="192" count="10" type="stmt"/>
        <line num="194" count="10" type="stmt"/>
        <line num="198" count="1" type="stmt"/>
        <line num="199" count="5" type="stmt"/>
        <line num="200" count="5" type="stmt"/>
        <line num="202" count="5" type="stmt"/>
        <line num="203" count="5" type="stmt"/>
        <line num="205" count="5" type="stmt"/>
        <line num="206" count="5" type="stmt"/>
        <line num="208" count="5" type="stmt"/>
        <line num="211" count="1" type="stmt"/>
        <line num="212" count="1" type="stmt"/>
        <line num="214" count="1" type="stmt"/>
        <line num="216" count="1" type="stmt"/>
        <line num="221" count="1" type="stmt"/>
        <line num="226" count="5" type="stmt"/>
        <line num="228" count="5" type="stmt"/>
        <line num="230" count="5" type="stmt"/>
        <line num="235" count="5" type="cond" truecount="1" falsecount="1"/>
        <line num="237" count="5" type="cond" truecount="1" falsecount="1"/>
        <line num="242" count="5" type="cond" truecount="2" falsecount="0"/>
        <line num="244" count="5" type="cond" truecount="1" falsecount="1"/>
        <line num="252" count="23" type="stmt"/>
        <line num="254" count="23" type="stmt"/>
        <line num="256" count="23" type="stmt"/>
        <line num="275" count="23" type="stmt"/>
        <line num="280" count="23" type="stmt"/>
        <line num="288" count="23" type="stmt"/>
        <line num="290" count="23" type="stmt"/>
        <line num="297" count="23" type="stmt"/>
      </file>
    </package>
    <package name="src.core.util">
      <metrics statements="68" coveredstatements="68" conditionals="56" coveredconditionals="56" methods="13" coveredmethods="13"/>
      <file name="get-needle-transition.js" path="/Users/Arun/play/github/mine/react-d3-speedometer/src/core/util/get-needle-transition.js">
        <metrics statements="32" coveredstatements="32" conditionals="30" coveredconditionals="30" methods="1" coveredmethods="1"/>
        <line num="36" count="57" type="cond" truecount="30" falsecount="0"/>
        <line num="39" count="1" type="stmt"/>
        <line num="42" count="1" type="stmt"/>
        <line num="45" count="1" type="stmt"/>
        <line num="48" count="28" type="stmt"/>
        <line num="51" count="1" type="stmt"/>
        <line num="54" count="1" type="stmt"/>
        <line num="57" count="1" type="stmt"/>
        <line num="60" count="1" type="stmt"/>
        <line num="63" count="1" type="stmt"/>
        <line num="66" count="1" type="stmt"/>
        <line num="69" count="1" type="stmt"/>
        <line num="72" count="1" type="stmt"/>
        <line num="75" count="1" type="stmt"/>
        <line num="78" count="1" type="stmt"/>
        <line num="81" count="1" type="stmt"/>
        <line num="84" count="1" type="stmt"/>
        <line num="87" count="1" type="stmt"/>
        <line num="90" count="1" type="stmt"/>
        <line num="93" count="1" type="stmt"/>
        <line num="96" count="1" type="stmt"/>
        <line num="99" count="1" type="stmt"/>
        <line num="102" count="1" type="stmt"/>
        <line num="105" count="1" type="stmt"/>
        <line num="108" count="1" type="stmt"/>
        <line num="111" count="1" type="stmt"/>
        <line num="114" count="1" type="stmt"/>
        <line num="117" count="1" type="stmt"/>
        <line num="120" count="1" type="stmt"/>
        <line num="123" count="1" type="stmt"/>
        <line num="127" count="1" type="stmt"/>
        <line num="130" count="1" type="stmt"/>
      </file>
      <file name="index.js" path="/Users/Arun/play/github/mine/react-d3-speedometer/src/core/util/index.js">
        <metrics statements="36" coveredstatements="36" conditionals="26" coveredconditionals="26" methods="12" coveredmethods="12"/>
        <line num="15" count="4197" type="stmt"/>
        <line num="30" count="30" type="cond" truecount="4" falsecount="0"/>
        <line num="32" count="24" type="stmt"/>
        <line num="38" count="6" type="cond" truecount="2" falsecount="0"/>
        <line num="39" count="1" type="stmt"/>
        <line num="45" count="5" type="cond" truecount="2" falsecount="0"/>
        <line num="46" count="1" type="stmt"/>
        <line num="53" count="4" type="stmt"/>
        <line num="54" count="15" type="cond" truecount="2" falsecount="0"/>
        <line num="56" count="4" type="stmt"/>
        <line num="58" count="11" type="stmt"/>
        <line num="61" count="4" type="stmt"/>
        <line num="66" count="26" type="cond" truecount="4" falsecount="0"/>
        <line num="67" count="1" type="stmt"/>
        <line num="69" count="25" type="stmt"/>
        <line num="76" count="24" type="stmt"/>
        <line num="77" count="24" type="stmt"/>
        <line num="79" count="24" type="cond" truecount="5" falsecount="0"/>
        <line num="88" count="32" type="stmt"/>
        <line num="95" count="27" type="stmt"/>
        <line num="96" count="27" type="stmt"/>
        <line num="100" count="27" type="cond" truecount="3" falsecount="0"/>
        <line num="102" count="27" type="cond" truecount="2" falsecount="0"/>
        <line num="104" count="21" type="stmt"/>
        <line num="105" count="21" type="stmt"/>
        <line num="106" count="21" type="stmt"/>
        <line num="107" count="1103" type="stmt"/>
        <line num="111" count="27" type="cond" truecount="2" falsecount="0"/>
        <line num="113" count="1" type="stmt"/>
        <line num="116" count="27" type="stmt"/>
        <line num="123" count="28" type="stmt"/>
        <line num="125" count="28" type="stmt"/>
        <line num="128" count="28" type="stmt"/>
        <line num="132" count="4192" type="stmt"/>
        <line num="136" count="23" type="stmt"/>
        <line num="140" count="23" type="stmt"/>
      </file>
    </package>
  </project>
</coverage>
