{"/Users/Arun/play/github/mine/react-d3-speedometer/src/index.js": {"path":"/Users/Arun/play/github/mine/react-d3-speedometer/src/index.js","statementMap":{"0":{"start":{"line":10,"column":23},"end":{"line":10,"column":41}},"1":{"start":{"line":13,"column":4},"end":{"line":13,"column":16}},"2":{"start":{"line":16,"column":4},"end":{"line":19,"column":5}},"3":{"start":{"line":24,"column":4},"end":{"line":24,"column":22}},"4":{"start":{"line":27,"column":11},"end":{"line":29,"column":3}},"5":{"start":{"line":28,"column":4},"end":{"line":28,"column":55}},"6":{"start":{"line":28,"column":31},"end":{"line":28,"column":50}},"7":{"start":{"line":33,"column":4},"end":{"line":38,"column":5}},"8":{"start":{"line":34,"column":6},"end":{"line":34,"column":24}},"9":{"start":{"line":37,"column":6},"end":{"line":37,"column":27}},"10":{"start":{"line":42,"column":4},"end":{"line":46,"column":6}},"11":{"start":{"line":49,"column":4},"end":{"line":51,"column":15}},"12":{"start":{"line":53,"column":4},"end":{"line":56,"column":6}},"13":{"start":{"line":58,"column":4},"end":{"line":62,"column":6}},"14":{"start":{"line":66,"column":4},"end":{"line":69,"column":6}},"15":{"start":{"line":73,"column":4},"end":{"line":77,"column":6}},"16":{"start":{"line":83,"column":0},"end":{"line":142,"column":1}},"17":{"start":{"line":145,"column":0},"end":{"line":145,"column":45}}},"fnMap":{"0":{"name":"(anonymous_0)","decl":{"start":{"line":12,"column":2},"end":{"line":12,"column":3}},"loc":{"start":{"line":12,"column":21},"end":{"line":20,"column":3}},"line":12},"1":{"name":"(anonymous_1)","decl":{"start":{"line":22,"column":2},"end":{"line":22,"column":3}},"loc":{"start":{"line":22,"column":22},"end":{"line":25,"column":3}},"line":22},"2":{"name":"(anonymous_2)","decl":{"start":{"line":27,"column":11},"end":{"line":27,"column":12}},"loc":{"start":{"line":27,"column":17},"end":{"line":29,"column":3}},"line":27},"3":{"name":"(anonymous_3)","decl":{"start":{"line":28,"column":21},"end":{"line":28,"column":22}},"loc":{"start":{"line":28,"column":31},"end":{"line":28,"column":50}},"line":28},"4":{"name":"(anonymous_4)","decl":{"start":{"line":31,"column":2},"end":{"line":31,"column":3}},"loc":{"start":{"line":31,"column":23},"end":{"line":39,"column":3}},"line":31},"5":{"name":"(anonymous_5)","decl":{"start":{"line":41,"column":2},"end":{"line":41,"column":3}},"loc":{"start":{"line":41,"column":16},"end":{"line":63,"column":3}},"line":41},"6":{"name":"(anonymous_6)","decl":{"start":{"line":65,"column":2},"end":{"line":65,"column":3}},"loc":{"start":{"line":65,"column":19},"end":{"line":78,"column":3}},"line":65}},"branchMap":{"0":{"loc":{"start":{"line":33,"column":4},"end":{"line":38,"column":5}},"type":"if","locations":[{"start":{"line":33,"column":4},"end":{"line":38,"column":5}},{"start":{"line":33,"column":4},"end":{"line":38,"column":5}}],"line":33},"1":{"loc":{"start":{"line":67,"column":28},"end":{"line":67,"column":56}},"type":"binary-expr","locations":[{"start":{"line":67,"column":28},"end":{"line":67,"column":50}},{"start":{"line":67,"column":54},"end":{"line":67,"column":56}}],"line":67},"2":{"loc":{"start":{"line":68,"column":24},"end":{"line":68,"column":65}},"type":"binary-expr","locations":[{"start":{"line":68,"column":24},"end":{"line":68,"column":51}},{"start":{"line":68,"column":55},"end":{"line":68,"column":65}}],"line":68},"3":{"loc":{"start":{"line":75,"column":16},"end":{"line":75,"column":37}},"type":"binary-expr","locations":[{"start":{"line":75,"column":16},"end":{"line":75,"column":32}},{"start":{"line":75,"column":36},"end":{"line":75,"column":37}}],"line":75}},"s":{"0":1,"1":23,"2":23,"3":22,"4":23,"5":29,"6":34,"7":6,"8":1,"9":5,"10":23,"11":23,"12":23,"13":23,"14":5,"15":5,"16":1,"17":1},"f":{"0":23,"1":22,"2":29,"3":34,"4":6,"5":23,"6":5},"b":{"0":[1,5],"1":[5,4],"2":[5,0],"3":[5,2]},"_coverageSchema":"1a1c01bbd47fc00a2c39e90264f33305004495a9","hash":"634a7950a39c79f729c7da1345c511d4424a12b1"}
,"/Users/Arun/play/github/mine/react-d3-speedometer/src/core/enums.js": {"path":"/Users/Arun/play/github/mine/react-d3-speedometer/src/core/enums.js","statementMap":{"0":{"start":{"line":1,"column":42},"end":{"line":4,"column":1}}},"fnMap":{},"branchMap":{},"s":{"0":1},"f":{},"b":{},"_coverageSchema":"1a1c01bbd47fc00a2c39e90264f33305004495a9","hash":"1484cce1e55762d157166611f290416b79b5a3ce"}
,"/Users/Arun/play/github/mine/react-d3-speedometer/src/core/config/configure.js": {"path":"/Users/Arun/play/github/mine/react-d3-speedometer/src/core/config/configure.js","statementMap":{"0":{"start":{"line":12,"column":30},"end":{"line":12,"column":57}},"1":{"start":{"line":13,"column":30},"end":{"line":13,"column":57}},"2":{"start":{"line":14,"column":33},"end":{"line":14,"column":63}},"3":{"start":{"line":15,"column":28},"end":{"line":15,"column":53}},"4":{"start":{"line":18,"column":2},"end":{"line":22,"column":4}},"5":{"start":{"line":26,"column":16},"end":{"line":26,"column":38}},"6":{"start":{"line":28,"column":14},"end":{"line":32,"column":4}},"7":{"start":{"line":34,"column":2},"end":{"line":36,"column":3}},"8":{"start":{"line":35,"column":4},"end":{"line":35,"column":37}},"9":{"start":{"line":38,"column":2},"end":{"line":38,"column":14}},"10":{"start":{"line":42,"column":26},"end":{"line":44,"column":4}},"11":{"start":{"line":43,"column":4},"end":{"line":43,"column":32}},"12":{"start":{"line":46,"column":19},"end":{"line":51,"column":4}},"13":{"start":{"line":53,"column":2},"end":{"line":53,"column":17}},"14":{"start":{"line":57,"column":19},"end":{"line":57,"column":44}},"15":{"start":{"line":59,"column":16},"end":{"line":59,"column":49}},"16":{"start":{"line":60,"column":12},"end":{"line":60,"column":28}},"17":{"start":{"line":62,"column":14},"end":{"line":72,"column":6}},"18":{"start":{"line":66,"column":20},"end":{"line":66,"column":45}},"19":{"start":{"line":67,"column":6},"end":{"line":67,"column":53}},"20":{"start":{"line":70,"column":20},"end":{"line":70,"column":49}},"21":{"start":{"line":71,"column":6},"end":{"line":71,"column":53}},"22":{"start":{"line":74,"column":2},"end":{"line":74,"column":12}}},"fnMap":{"0":{"name":"_configureScale","decl":{"start":{"line":17,"column":9},"end":{"line":17,"column":24}},"loc":{"start":{"line":17,"column":33},"end":{"line":23,"column":1}},"line":17},"1":{"name":"_configureTicks","decl":{"start":{"line":25,"column":9},"end":{"line":25,"column":24}},"loc":{"start":{"line":25,"column":33},"end":{"line":39,"column":1}},"line":25},"2":{"name":"_configureTickData","decl":{"start":{"line":41,"column":9},"end":{"line":41,"column":27}},"loc":{"start":{"line":41,"column":36},"end":{"line":54,"column":1}},"line":41},"3":{"name":"(anonymous_3)","decl":{"start":{"line":42,"column":57},"end":{"line":42,"column":58}},"loc":{"start":{"line":42,"column":64},"end":{"line":44,"column":3}},"line":42},"4":{"name":"_configureArc","decl":{"start":{"line":56,"column":9},"end":{"line":56,"column":22}},"loc":{"start":{"line":56,"column":31},"end":{"line":75,"column":1}},"line":56},"5":{"name":"(anonymous_5)","decl":{"start":{"line":65,"column":16},"end":{"line":65,"column":17}},"loc":{"start":{"line":65,"column":26},"end":{"line":68,"column":5}},"line":65},"6":{"name":"(anonymous_6)","decl":{"start":{"line":69,"column":14},"end":{"line":69,"column":15}},"loc":{"start":{"line":69,"column":24},"end":{"line":72,"column":5}},"line":69}},"branchMap":{"0":{"loc":{"start":{"line":34,"column":2},"end":{"line":36,"column":3}},"type":"if","locations":[{"start":{"line":34,"column":2},"end":{"line":36,"column":3}},{"start":{"line":34,"column":2},"end":{"line":36,"column":3}}],"line":34},"1":{"loc":{"start":{"line":34,"column":6},"end":{"line":34,"column":75}},"type":"binary-expr","locations":[{"start":{"line":34,"column":6},"end":{"line":34,"column":42}},{"start":{"line":34,"column":46},"end":{"line":34,"column":75}}],"line":34}},"s":{"0":1,"1":1,"2":1,"3":1,"4":28,"5":23,"6":23,"7":23,"8":1,"9":23,"10":23,"11":2095,"12":23,"13":23,"14":23,"15":23,"16":23,"17":23,"18":2096,"19":2096,"20":2096,"21":2096,"22":23},"f":{"0":28,"1":23,"2":23,"3":2095,"4":23,"5":2096,"6":2096},"b":{"0":[1,22],"1":[23,1]},"_coverageSchema":"1a1c01bbd47fc00a2c39e90264f33305004495a9","hash":"2cfec01dc426b15fc8af7412994b233b6f335b41"}
,"/Users/Arun/play/github/mine/react-d3-speedometer/src/core/config/index.js": {"path":"/Users/Arun/play/github/mine/react-d3-speedometer/src/core/config/index.js","statementMap":{"0":{"start":{"line":10,"column":29},"end":{"line":65,"column":1}},"1":{"start":{"line":68,"column":23},"end":{"line":78,"column":1}},"2":{"start":{"line":80,"column":25},"end":{"line":140,"column":1}},"3":{"start":{"line":81,"column":17},"end":{"line":137,"column":3}},"4":{"start":{"line":139,"column":2},"end":{"line":139,"column":50}},"5":{"start":{"line":142,"column":28},"end":{"line":147,"column":1}},"6":{"start":{"line":143,"column":2},"end":{"line":146,"column":3}}},"fnMap":{"0":{"name":"(anonymous_0)","decl":{"start":{"line":80,"column":25},"end":{"line":80,"column":26}},"loc":{"start":{"line":80,"column":67},"end":{"line":140,"column":1}},"line":80},"1":{"name":"(anonymous_1)","decl":{"start":{"line":142,"column":28},"end":{"line":142,"column":29}},"loc":{"start":{"line":142,"column":48},"end":{"line":147,"column":1}},"line":142}},"branchMap":{"0":{"loc":{"start":{"line":85,"column":11},"end":{"line":85,"column":55}},"type":"cond-expr","locations":[{"start":{"line":85,"column":30},"end":{"line":85,"column":41}},{"start":{"line":85,"column":44},"end":{"line":85,"column":55}}],"line":85},"1":{"loc":{"start":{"line":86,"column":12},"end":{"line":86,"column":58}},"type":"cond-expr","locations":[{"start":{"line":86,"column":31},"end":{"line":86,"column":43}},{"start":{"line":86,"column":46},"end":{"line":86,"column":58}}],"line":86},"2":{"loc":{"start":{"line":118,"column":6},"end":{"line":120,"column":74}},"type":"cond-expr","locations":[{"start":{"line":119,"column":10},"end":{"line":119,"column":46}},{"start":{"line":120,"column":10},"end":{"line":120,"column":74}}],"line":118}},"s":{"0":1,"1":1,"2":1,"3":23,"4":23,"5":1,"6":5},"f":{"0":23,"1":5},"b":{"0":[0,23],"1":[0,23],"2":[3,20]},"_coverageSchema":"1a1c01bbd47fc00a2c39e90264f33305004495a9","hash":"fdb2421b01e9933a82e1fdf7065ee1c0256ac2df"}
,"/Users/Arun/play/github/mine/react-d3-speedometer/src/core/render/index.js": {"path":"/Users/Arun/play/github/mine/react-d3-speedometer/src/core/render/index.js","statementMap":{"0":{"start":{"line":25,"column":22},"end":{"line":39,"column":1}},"1":{"start":{"line":26,"column":16},"end":{"line":26,"column":38}},"2":{"start":{"line":27,"column":16},"end":{"line":27,"column":31}},"3":{"start":{"line":28,"column":16},"end":{"line":28,"column":49}},"4":{"start":{"line":30,"column":19},"end":{"line":30,"column":50}},"5":{"start":{"line":32,"column":2},"end":{"line":36,"column":45}},"6":{"start":{"line":38,"column":2},"end":{"line":38,"column":75}},"7":{"start":{"line":41,"column":22},"end":{"line":58,"column":1}},"8":{"start":{"line":42,"column":12},"end":{"line":42,"column":29}},"9":{"start":{"line":43,"column":19},"end":{"line":47,"column":3}},"10":{"start":{"line":49,"column":14},"end":{"line":49,"column":47}},"11":{"start":{"line":51,"column":2},"end":{"line":51,"column":40}},"12":{"start":{"line":52,"column":2},"end":{"line":52,"column":45}},"13":{"start":{"line":54,"column":2},"end":{"line":57,"column":3}},"14":{"start":{"line":63,"column":16},"end":{"line":63,"column":59}},"15":{"start":{"line":64,"column":17},"end":{"line":64,"column":59}},"16":{"start":{"line":66,"column":2},"end":{"line":75,"column":3}},"17":{"start":{"line":79,"column":19},"end":{"line":79,"column":44}},"18":{"start":{"line":80,"column":14},"end":{"line":80,"column":34}},"19":{"start":{"line":82,"column":13},"end":{"line":85,"column":32}},"20":{"start":{"line":87,"column":2},"end":{"line":101,"column":19}},"21":{"start":{"line":95,"column":6},"end":{"line":97,"column":7}},"22":{"start":{"line":96,"column":8},"end":{"line":96,"column":38}},"23":{"start":{"line":99,"column":6},"end":{"line":99,"column":37}},"24":{"start":{"line":105,"column":16},"end":{"line":105,"column":38}},"25":{"start":{"line":106,"column":19},"end":{"line":106,"column":44}},"26":{"start":{"line":107,"column":16},"end":{"line":107,"column":38}},"27":{"start":{"line":108,"column":16},"end":{"line":108,"column":49}},"28":{"start":{"line":111,"column":34},"end":{"line":111,"column":40}},"29":{"start":{"line":114,"column":4},"end":{"line":114,"column":65}},"30":{"start":{"line":116,"column":4},"end":{"line":116,"column":75}},"31":{"start":{"line":119,"column":2},"end":{"line":125,"column":3}},"32":{"start":{"line":120,"column":4},"end":{"line":124,"column":5}},"33":{"start":{"line":128,"column":2},"end":{"line":141,"column":3}},"34":{"start":{"line":129,"column":4},"end":{"line":138,"column":6}},"35":{"start":{"line":140,"column":4},"end":{"line":140,"column":10}},"36":{"start":{"line":144,"column":11},"end":{"line":147,"column":32}},"37":{"start":{"line":149,"column":2},"end":{"line":171,"column":36}},"38":{"start":{"line":155,"column":8},"end":{"line":157,"column":37}},"39":{"start":{"line":159,"column":23},"end":{"line":159,"column":54}},"40":{"start":{"line":161,"column":6},"end":{"line":161,"column":73}},"41":{"start":{"line":185,"column":54},"end":{"line":185,"column":60}},"42":{"start":{"line":190,"column":6},"end":{"line":190,"column":76}},"43":{"start":{"line":192,"column":21},"end":{"line":192,"column":52}},"44":{"start":{"line":194,"column":4},"end":{"line":194,"column":19}},"45":{"start":{"line":198,"column":20},"end":{"line":209,"column":4}},"46":{"start":{"line":199,"column":23},"end":{"line":199,"column":24}},"47":{"start":{"line":200,"column":23},"end":{"line":200,"column":28}},"48":{"start":{"line":202,"column":15},"end":{"line":202,"column":32}},"49":{"start":{"line":203,"column":19},"end":{"line":203,"column":50}},"50":{"start":{"line":205,"column":15},"end":{"line":205,"column":32}},"51":{"start":{"line":206,"column":19},"end":{"line":206,"column":50}},"52":{"start":{"line":208,"column":4},"end":{"line":208,"column":32}},"53":{"start":{"line":211,"column":22},"end":{"line":211,"column":61}},"54":{"start":{"line":212,"column":22},"end":{"line":212,"column":42}},"55":{"start":{"line":214,"column":19},"end":{"line":214,"column":64}},"56":{"start":{"line":216,"column":11},"end":{"line":219,"column":32}},"57":{"start":{"line":221,"column":2},"end":{"line":244,"column":54}},"58":{"start":{"line":226,"column":23},"end":{"line":226,"column":35}},"59":{"start":{"line":228,"column":24},"end":{"line":229,"column":12}},"60":{"start":{"line":230,"column":24},"end":{"line":232,"column":19}},"61":{"start":{"line":235,"column":6},"end":{"line":235,"column":61}},"62":{"start":{"line":237,"column":17},"end":{"line":237,"column":29}},"63":{"start":{"line":242,"column":31},"end":{"line":242,"column":65}},"64":{"start":{"line":244,"column":26},"end":{"line":244,"column":53}},"65":{"start":{"line":252,"column":21},"end":{"line":252,"column":70}},"66":{"start":{"line":254,"column":21},"end":{"line":254,"column":68}},"67":{"start":{"line":256,"column":2},"end":{"line":271,"column":3}},"68":{"start":{"line":275,"column":23},"end":{"line":278,"column":4}},"69":{"start":{"line":280,"column":19},"end":{"line":286,"column":3}},"70":{"start":{"line":288,"column":22},"end":{"line":288,"column":54}},"71":{"start":{"line":290,"column":11},"end":{"line":295,"column":38}},"72":{"start":{"line":297,"column":2},"end":{"line":300,"column":52}}},"fnMap":{"0":{"name":"(anonymous_0)","decl":{"start":{"line":25,"column":22},"end":{"line":25,"column":23}},"loc":{"start":{"line":25,"column":57},"end":{"line":39,"column":1}},"line":25},"1":{"name":"(anonymous_1)","decl":{"start":{"line":41,"column":22},"end":{"line":41,"column":23}},"loc":{"start":{"line":41,"column":49},"end":{"line":58,"column":1}},"line":41},"2":{"name":"_renderSVG","decl":{"start":{"line":61,"column":9},"end":{"line":61,"column":19}},"loc":{"start":{"line":61,"column":43},"end":{"line":76,"column":1}},"line":61},"3":{"name":"_renderArcs","decl":{"start":{"line":78,"column":9},"end":{"line":78,"column":20}},"loc":{"start":{"line":78,"column":48},"end":{"line":102,"column":1}},"line":78},"4":{"name":"(anonymous_4)","decl":{"start":{"line":93,"column":18},"end":{"line":93,"column":19}},"loc":{"start":{"line":93,"column":28},"end":{"line":100,"column":5}},"line":93},"5":{"name":"_renderLabels","decl":{"start":{"line":104,"column":9},"end":{"line":104,"column":22}},"loc":{"start":{"line":104,"column":53},"end":{"line":172,"column":1}},"line":104},"6":{"name":"(anonymous_6)","decl":{"start":{"line":153,"column":23},"end":{"line":153,"column":24}},"loc":{"start":{"line":153,"column":33},"end":{"line":162,"column":5}},"line":153},"7":{"name":"_renderCustomSegmentLabels","decl":{"start":{"line":175,"column":9},"end":{"line":175,"column":35}},"loc":{"start":{"line":184,"column":3},"end":{"line":249,"column":1}},"line":184},"8":{"name":"_calculateAngle","decl":{"start":{"line":188,"column":11},"end":{"line":188,"column":26}},"loc":{"start":{"line":188,"column":33},"end":{"line":195,"column":3}},"line":188},"9":{"name":"(anonymous_9)","decl":{"start":{"line":198,"column":44},"end":{"line":198,"column":45}},"loc":{"start":{"line":198,"column":58},"end":{"line":209,"column":3}},"line":198},"10":{"name":"(anonymous_10)","decl":{"start":{"line":225,"column":23},"end":{"line":225,"column":24}},"loc":{"start":{"line":225,"column":33},"end":{"line":236,"column":5}},"line":225},"11":{"name":"(anonymous_11)","decl":{"start":{"line":237,"column":10},"end":{"line":237,"column":11}},"loc":{"start":{"line":237,"column":17},"end":{"line":237,"column":29}},"line":237},"12":{"name":"(anonymous_12)","decl":{"start":{"line":242,"column":24},"end":{"line":242,"column":25}},"loc":{"start":{"line":242,"column":31},"end":{"line":242,"column":65}},"line":242},"13":{"name":"(anonymous_13)","decl":{"start":{"line":244,"column":19},"end":{"line":244,"column":20}},"loc":{"start":{"line":244,"column":26},"end":{"line":244,"column":53}},"line":244},"14":{"name":"_renderCurrentValueText","decl":{"start":{"line":251,"column":9},"end":{"line":251,"column":32}},"loc":{"start":{"line":251,"column":50},"end":{"line":272,"column":1}},"line":251},"15":{"name":"_renderNeedle","decl":{"start":{"line":274,"column":9},"end":{"line":274,"column":22}},"loc":{"start":{"line":274,"column":53},"end":{"line":301,"column":1}},"line":274}},"branchMap":{"0":{"loc":{"start":{"line":95,"column":6},"end":{"line":97,"column":7}},"type":"if","locations":[{"start":{"line":95,"column":6},"end":{"line":97,"column":7}},{"start":{"line":95,"column":6},"end":{"line":97,"column":7}}],"line":95},"1":{"loc":{"start":{"line":95,"column":10},"end":{"line":95,"column":67}},"type":"binary-expr","locations":[{"start":{"line":95,"column":10},"end":{"line":95,"column":40}},{"start":{"line":95,"column":44},"end":{"line":95,"column":67}}],"line":95},"2":{"loc":{"start":{"line":114,"column":4},"end":{"line":114,"column":65}},"type":"binary-expr","locations":[{"start":{"line":114,"column":4},"end":{"line":114,"column":32}},{"start":{"line":114,"column":36},"end":{"line":114,"column":65}}],"line":114},"3":{"loc":{"start":{"line":116,"column":4},"end":{"line":116,"column":75}},"type":"binary-expr","locations":[{"start":{"line":116,"column":4},"end":{"line":116,"column":25}},{"start":{"line":116,"column":29},"end":{"line":116,"column":75}}],"line":116},"4":{"loc":{"start":{"line":119,"column":2},"end":{"line":125,"column":3}},"type":"if","locations":[{"start":{"line":119,"column":2},"end":{"line":125,"column":3}},{"start":{"line":119,"column":2},"end":{"line":125,"column":3}}],"line":119},"5":{"loc":{"start":{"line":119,"column":6},"end":{"line":119,"column":51}},"type":"binary-expr","locations":[{"start":{"line":119,"column":6},"end":{"line":119,"column":27}},{"start":{"line":119,"column":31},"end":{"line":119,"column":51}}],"line":119},"6":{"loc":{"start":{"line":128,"column":2},"end":{"line":141,"column":3}},"type":"if","locations":[{"start":{"line":128,"column":2},"end":{"line":141,"column":3}},{"start":{"line":128,"column":2},"end":{"line":141,"column":3}}],"line":128},"7":{"loc":{"start":{"line":128,"column":6},"end":{"line":128,"column":50}},"type":"binary-expr","locations":[{"start":{"line":128,"column":6},"end":{"line":128,"column":27}},{"start":{"line":128,"column":31},"end":{"line":128,"column":50}}],"line":128},"8":{"loc":{"start":{"line":155,"column":8},"end":{"line":157,"column":37}},"type":"cond-expr","locations":[{"start":{"line":156,"column":12},"end":{"line":156,"column":20}},{"start":{"line":157,"column":12},"end":{"line":157,"column":37}}],"line":155},"9":{"loc":{"start":{"line":190,"column":6},"end":{"line":190,"column":76}},"type":"cond-expr","locations":[{"start":{"line":190,"column":40},"end":{"line":190,"column":48}},{"start":{"line":190,"column":51},"end":{"line":190,"column":76}}],"line":190},"10":{"loc":{"start":{"line":235,"column":13},"end":{"line":235,"column":61}},"type":"cond-expr","locations":[{"start":{"line":235,"column":40},"end":{"line":235,"column":49}},{"start":{"line":235,"column":52},"end":{"line":235,"column":61}}],"line":235},"11":{"loc":{"start":{"line":237,"column":17},"end":{"line":237,"column":29}},"type":"binary-expr","locations":[{"start":{"line":237,"column":17},"end":{"line":237,"column":23}},{"start":{"line":237,"column":27},"end":{"line":237,"column":29}}],"line":237},"12":{"loc":{"start":{"line":242,"column":31},"end":{"line":242,"column":65}},"type":"binary-expr","locations":[{"start":{"line":242,"column":31},"end":{"line":242,"column":41}},{"start":{"line":242,"column":45},"end":{"line":242,"column":65}}],"line":242},"13":{"loc":{"start":{"line":244,"column":26},"end":{"line":244,"column":53}},"type":"binary-expr","locations":[{"start":{"line":244,"column":26},"end":{"line":244,"column":33}},{"start":{"line":244,"column":37},"end":{"line":244,"column":53}}],"line":244}},"s":{"0":1,"1":28,"2":28,"3":28,"4":28,"5":28,"6":28,"7":1,"8":23,"9":23,"10":23,"11":23,"12":23,"13":23,"14":23,"15":23,"16":23,"17":23,"18":23,"19":23,"20":23,"21":2096,"22":13,"23":2083,"24":23,"25":23,"26":23,"27":23,"28":23,"29":23,"30":23,"31":23,"32":0,"33":23,"34":1,"35":1,"36":22,"37":22,"38":120,"39":120,"40":120,"41":1,"42":10,"43":10,"44":10,"45":1,"46":5,"47":5,"48":5,"49":5,"50":5,"51":5,"52":5,"53":1,"54":1,"55":1,"56":1,"57":1,"58":5,"59":5,"60":5,"61":5,"62":5,"63":5,"64":5,"65":23,"66":23,"67":23,"68":23,"69":23,"70":23,"71":23,"72":23},"f":{"0":28,"1":23,"2":23,"3":23,"4":2096,"5":23,"6":120,"7":1,"8":10,"9":5,"10":5,"11":5,"12":5,"13":5,"14":23,"15":23},"b":{"0":[13,2083],"1":[2096,13],"2":[23,23],"3":[23,1],"4":[0,23],"5":[23,1],"6":[1,22],"7":[23,1],"8":[115,5],"9":[10,0],"10":[0,5],"11":[5,0],"12":[5,4],"13":[5,0]},"_coverageSchema":"1a1c01bbd47fc00a2c39e90264f33305004495a9","hash":"0a7df8e9a1ddc92305d107554cbcdc5f9cbc87d8"}
,"/Users/Arun/play/github/mine/react-d3-speedometer/src/core/util/get-needle-transition.js": {"path":"/Users/Arun/play/github/mine/react-d3-speedometer/src/core/util/get-needle-transition.js","statementMap":{"0":{"start":{"line":36,"column":2},"end":{"line":131,"column":3}},"1":{"start":{"line":39,"column":6},"end":{"line":39,"column":25}},"2":{"start":{"line":42,"column":6},"end":{"line":42,"column":25}},"3":{"start":{"line":45,"column":6},"end":{"line":45,"column":26}},"4":{"start":{"line":48,"column":6},"end":{"line":48,"column":28}},"5":{"start":{"line":51,"column":6},"end":{"line":51,"column":26}},"6":{"start":{"line":54,"column":6},"end":{"line":54,"column":27}},"7":{"start":{"line":57,"column":6},"end":{"line":57,"column":29}},"8":{"start":{"line":60,"column":6},"end":{"line":60,"column":25}},"9":{"start":{"line":63,"column":6},"end":{"line":63,"column":26}},"10":{"start":{"line":66,"column":6},"end":{"line":66,"column":28}},"11":{"start":{"line":69,"column":6},"end":{"line":69,"column":24}},"12":{"start":{"line":72,"column":6},"end":{"line":72,"column":25}},"13":{"start":{"line":75,"column":6},"end":{"line":75,"column":27}},"14":{"start":{"line":78,"column":6},"end":{"line":78,"column":24}},"15":{"start":{"line":81,"column":6},"end":{"line":81,"column":25}},"16":{"start":{"line":84,"column":6},"end":{"line":84,"column":27}},"17":{"start":{"line":87,"column":6},"end":{"line":87,"column":27}},"18":{"start":{"line":90,"column":6},"end":{"line":90,"column":28}},"19":{"start":{"line":93,"column":6},"end":{"line":93,"column":30}},"20":{"start":{"line":96,"column":6},"end":{"line":96,"column":27}},"21":{"start":{"line":99,"column":6},"end":{"line":99,"column":28}},"22":{"start":{"line":102,"column":6},"end":{"line":102,"column":30}},"23":{"start":{"line":105,"column":6},"end":{"line":105,"column":25}},"24":{"start":{"line":108,"column":6},"end":{"line":108,"column":26}},"25":{"start":{"line":111,"column":6},"end":{"line":111,"column":28}},"26":{"start":{"line":114,"column":6},"end":{"line":114,"column":28}},"27":{"start":{"line":117,"column":6},"end":{"line":117,"column":29}},"28":{"start":{"line":120,"column":6},"end":{"line":120,"column":31}},"29":{"start":{"line":123,"column":6},"end":{"line":123,"column":26}},"30":{"start":{"line":127,"column":6},"end":{"line":129,"column":7}},"31":{"start":{"line":130,"column":6},"end":{"line":130,"column":28}}},"fnMap":{"0":{"name":"getNeedleTransition","decl":{"start":{"line":35,"column":16},"end":{"line":35,"column":35}},"loc":{"start":{"line":35,"column":48},"end":{"line":132,"column":1}},"line":35}},"branchMap":{"0":{"loc":{"start":{"line":36,"column":2},"end":{"line":131,"column":3}},"type":"switch","locations":[{"start":{"line":38,"column":4},"end":{"line":39,"column":25}},{"start":{"line":41,"column":4},"end":{"line":42,"column":25}},{"start":{"line":44,"column":4},"end":{"line":45,"column":26}},{"start":{"line":47,"column":4},"end":{"line":48,"column":28}},{"start":{"line":50,"column":4},"end":{"line":51,"column":26}},{"start":{"line":53,"column":4},"end":{"line":54,"column":27}},{"start":{"line":56,"column":4},"end":{"line":57,"column":29}},{"start":{"line":59,"column":4},"end":{"line":60,"column":25}},{"start":{"line":62,"column":4},"end":{"line":63,"column":26}},{"start":{"line":65,"column":4},"end":{"line":66,"column":28}},{"start":{"line":68,"column":4},"end":{"line":69,"column":24}},{"start":{"line":71,"column":4},"end":{"line":72,"column":25}},{"start":{"line":74,"column":4},"end":{"line":75,"column":27}},{"start":{"line":77,"column":4},"end":{"line":78,"column":24}},{"start":{"line":80,"column":4},"end":{"line":81,"column":25}},{"start":{"line":83,"column":4},"end":{"line":84,"column":27}},{"start":{"line":86,"column":4},"end":{"line":87,"column":27}},{"start":{"line":89,"column":4},"end":{"line":90,"column":28}},{"start":{"line":92,"column":4},"end":{"line":93,"column":30}},{"start":{"line":95,"column":4},"end":{"line":96,"column":27}},{"start":{"line":98,"column":4},"end":{"line":99,"column":28}},{"start":{"line":101,"column":4},"end":{"line":102,"column":30}},{"start":{"line":104,"column":4},"end":{"line":105,"column":25}},{"start":{"line":107,"column":4},"end":{"line":108,"column":26}},{"start":{"line":110,"column":4},"end":{"line":111,"column":28}},{"start":{"line":113,"column":4},"end":{"line":114,"column":28}},{"start":{"line":116,"column":4},"end":{"line":117,"column":29}},{"start":{"line":119,"column":4},"end":{"line":120,"column":31}},{"start":{"line":122,"column":4},"end":{"line":123,"column":26}},{"start":{"line":126,"column":4},"end":{"line":130,"column":28}}],"line":36}},"s":{"0":57,"1":1,"2":1,"3":1,"4":28,"5":1,"6":1,"7":1,"8":1,"9":1,"10":1,"11":1,"12":1,"13":1,"14":1,"15":1,"16":1,"17":1,"18":1,"19":1,"20":1,"21":1,"22":1,"23":1,"24":1,"25":1,"26":1,"27":1,"28":1,"29":1,"30":1,"31":1},"f":{"0":57},"b":{"0":[1,1,1,28,1,1,1,1,1,1,1,1,1,1,1,1,1,1,1,1,1,1,1,1,1,1,1,1,1,1]},"_coverageSchema":"1a1c01bbd47fc00a2c39e90264f33305004495a9","hash":"eb221402dd4e3b4cc626034b7f85676804cbd9ca"}
,"/Users/Arun/play/github/mine/react-d3-speedometer/src/core/util/index.js": {"path":"/Users/Arun/play/github/mine/react-d3-speedometer/src/core/util/index.js","statementMap":{"0":{"start":{"line":15,"column":2},"end":{"line":15,"column":34}},"1":{"start":{"line":30,"column":2},"end":{"line":33,"column":3}},"2":{"start":{"line":32,"column":4},"end":{"line":32,"column":19}},"3":{"start":{"line":38,"column":2},"end":{"line":42,"column":3}},"4":{"start":{"line":39,"column":4},"end":{"line":41,"column":5}},"5":{"start":{"line":45,"column":2},"end":{"line":49,"column":3}},"6":{"start":{"line":46,"column":4},"end":{"line":48,"column":5}},"7":{"start":{"line":53,"column":30},"end":{"line":59,"column":4}},"8":{"start":{"line":54,"column":4},"end":{"line":57,"column":5}},"9":{"start":{"line":56,"column":6},"end":{"line":56,"column":12}},"10":{"start":{"line":58,"column":4},"end":{"line":58,"column":71}},"11":{"start":{"line":61,"column":2},"end":{"line":61,"column":35}},"12":{"start":{"line":66,"column":2},"end":{"line":68,"column":3}},"13":{"start":{"line":67,"column":4},"end":{"line":67,"column":71}},"14":{"start":{"line":69,"column":2},"end":{"line":69,"column":41}},"15":{"start":{"line":76,"column":34},"end":{"line":76,"column":68}},"16":{"start":{"line":77,"column":25},"end":{"line":77,"column":51}},"17":{"start":{"line":79,"column":2},"end":{"line":83,"column":20}},"18":{"start":{"line":88,"column":2},"end":{"line":90,"column":23}},"19":{"start":{"line":95,"column":14},"end":{"line":95,"column":16}},"20":{"start":{"line":96,"column":2},"end":{"line":96,"column":31}},"21":{"start":{"line":100,"column":4},"end":{"line":100,"column":73}},"22":{"start":{"line":102,"column":2},"end":{"line":109,"column":3}},"23":{"start":{"line":104,"column":17},"end":{"line":104,"column":39}},"24":{"start":{"line":105,"column":4},"end":{"line":105,"column":17}},"25":{"start":{"line":106,"column":4},"end":{"line":108,"column":6}},"26":{"start":{"line":107,"column":6},"end":{"line":107,"column":38}},"27":{"start":{"line":111,"column":2},"end":{"line":114,"column":3}},"28":{"start":{"line":113,"column":4},"end":{"line":113,"column":22}},"29":{"start":{"line":116,"column":2},"end":{"line":116,"column":14}},"30":{"start":{"line":123,"column":16},"end":{"line":123,"column":48}},"31":{"start":{"line":125,"column":27},"end":{"line":125,"column":62}},"32":{"start":{"line":128,"column":2},"end":{"line":128,"column":65}},"33":{"start":{"line":132,"column":2},"end":{"line":132,"column":30}},"34":{"start":{"line":136,"column":2},"end":{"line":136,"column":70}},"35":{"start":{"line":140,"column":2},"end":{"line":140,"column":25}}},"fnMap":{"0":{"name":"sumArrayTill","decl":{"start":{"line":14,"column":16},"end":{"line":14,"column":28}},"loc":{"start":{"line":14,"column":43},"end":{"line":16,"column":1}},"line":14},"1":{"name":"calculateSegmentStops","decl":{"start":{"line":24,"column":16},"end":{"line":24,"column":37}},"loc":{"start":{"line":29,"column":3},"end":{"line":62,"column":1}},"line":29},"2":{"name":"(anonymous_2)","decl":{"start":{"line":53,"column":53},"end":{"line":53,"column":54}},"loc":{"start":{"line":53,"column":78},"end":{"line":59,"column":3}},"line":53},"3":{"name":"calculateNeedleHeight","decl":{"start":{"line":65,"column":16},"end":{"line":65,"column":37}},"loc":{"start":{"line":65,"column":63},"end":{"line":70,"column":1}},"line":65},"4":{"name":"calculateSegmentLabelCount","decl":{"start":{"line":72,"column":16},"end":{"line":72,"column":42}},"loc":{"start":{"line":75,"column":3},"end":{"line":84,"column":1}},"line":75},"5":{"name":"calculateScale","decl":{"start":{"line":87,"column":16},"end":{"line":87,"column":30}},"loc":{"start":{"line":87,"column":55},"end":{"line":91,"column":1}},"line":87},"6":{"name":"calculateTicks","decl":{"start":{"line":94,"column":16},"end":{"line":94,"column":30}},"loc":{"start":{"line":94,"column":62},"end":{"line":117,"column":1}},"line":94},"7":{"name":"(anonymous_7)","decl":{"start":{"line":106,"column":21},"end":{"line":106,"column":22}},"loc":{"start":{"line":106,"column":28},"end":{"line":108,"column":5}},"line":106},"8":{"name":"formatCurrentValueText","decl":{"start":{"line":121,"column":16},"end":{"line":121,"column":38}},"loc":{"start":{"line":121,"column":61},"end":{"line":129,"column":1}},"line":121},"9":{"name":"deg2rad","decl":{"start":{"line":131,"column":16},"end":{"line":131,"column":23}},"loc":{"start":{"line":131,"column":29},"end":{"line":133,"column":1}},"line":131},"10":{"name":"centerTranslation","decl":{"start":{"line":135,"column":16},"end":{"line":135,"column":33}},"loc":{"start":{"line":135,"column":73},"end":{"line":137,"column":1}},"line":135},"11":{"name":"getRadius","decl":{"start":{"line":139,"column":16},"end":{"line":139,"column":25}},"loc":{"start":{"line":139,"column":34},"end":{"line":141,"column":1}},"line":139}},"branchMap":{"0":{"loc":{"start":{"line":30,"column":2},"end":{"line":33,"column":3}},"type":"if","locations":[{"start":{"line":30,"column":2},"end":{"line":33,"column":3}},{"start":{"line":30,"column":2},"end":{"line":33,"column":3}}],"line":30},"1":{"loc":{"start":{"line":30,"column":6},"end":{"line":30,"column":65}},"type":"binary-expr","locations":[{"start":{"line":30,"column":6},"end":{"line":30,"column":34}},{"start":{"line":30,"column":38},"end":{"line":30,"column":65}}],"line":30},"2":{"loc":{"start":{"line":38,"column":2},"end":{"line":42,"column":3}},"type":"if","locations":[{"start":{"line":38,"column":2},"end":{"line":42,"column":3}},{"start":{"line":38,"column":2},"end":{"line":42,"column":3}}],"line":38},"3":{"loc":{"start":{"line":45,"column":2},"end":{"line":49,"column":3}},"type":"if","locations":[{"start":{"line":45,"column":2},"end":{"line":49,"column":3}},{"start":{"line":45,"column":2},"end":{"line":49,"column":3}}],"line":45},"4":{"loc":{"start":{"line":54,"column":4},"end":{"line":57,"column":5}},"type":"if","locations":[{"start":{"line":54,"column":4},"end":{"line":57,"column":5}},{"start":{"line":54,"column":4},"end":{"line":57,"column":5}}],"line":54},"5":{"loc":{"start":{"line":66,"column":2},"end":{"line":68,"column":3}},"type":"if","locations":[{"start":{"line":66,"column":2},"end":{"line":68,"column":3}},{"start":{"line":66,"column":2},"end":{"line":68,"column":3}}],"line":66},"6":{"loc":{"start":{"line":66,"column":6},"end":{"line":66,"column":40}},"type":"binary-expr","locations":[{"start":{"line":66,"column":6},"end":{"line":66,"column":21}},{"start":{"line":66,"column":25},"end":{"line":66,"column":40}}],"line":66},"7":{"loc":{"start":{"line":79,"column":9},"end":{"line":83,"column":20}},"type":"cond-expr","locations":[{"start":{"line":82,"column":6},"end":{"line":82,"column":29}},{"start":{"line":83,"column":6},"end":{"line":83,"column":20}}],"line":79},"8":{"loc":{"start":{"line":79,"column":9},"end":{"line":81,"column":45}},"type":"binary-expr","locations":[{"start":{"line":79,"column":9},"end":{"line":79,"column":43}},{"start":{"line":80,"column":4},"end":{"line":80,"column":32}},{"start":{"line":81,"column":4},"end":{"line":81,"column":45}}],"line":79},"9":{"loc":{"start":{"line":100,"column":4},"end":{"line":100,"column":73}},"type":"binary-expr","locations":[{"start":{"line":100,"column":5},"end":{"line":100,"column":25}},{"start":{"line":100,"column":29},"end":{"line":100,"column":52}},{"start":{"line":100,"column":57},"end":{"line":100,"column":73}}],"line":100},"10":{"loc":{"start":{"line":102,"column":2},"end":{"line":109,"column":3}},"type":"if","locations":[{"start":{"line":102,"column":2},"end":{"line":109,"column":3}},{"start":{"line":102,"column":2},"end":{"line":109,"column":3}}],"line":102},"11":{"loc":{"start":{"line":111,"column":2},"end":{"line":114,"column":3}},"type":"if","locations":[{"start":{"line":111,"column":2},"end":{"line":114,"column":3}},{"start":{"line":111,"column":2},"end":{"line":114,"column":3}}],"line":111}},"s":{"0":4197,"1":30,"2":24,"3":6,"4":1,"5":5,"6":1,"7":4,"8":15,"9":4,"10":11,"11":4,"12":26,"13":1,"14":25,"15":24,"16":24,"17":24,"18":32,"19":27,"20":27,"21":27,"22":27,"23":21,"24":21,"25":21,"26":1103,"27":27,"28":1,"29":27,"30":28,"31":28,"32":28,"33":4192,"34":23,"35":23},"f":{"0":4197,"1":30,"2":15,"3":26,"4":24,"5":32,"6":27,"7":1103,"8":28,"9":4192,"10":23,"11":23},"b":{"0":[24,6],"1":[30,29],"2":[1,5],"3":[1,4],"4":[4,11],"5":[1,25],"6":[26,26],"7":[3,21],"8":[24,24,4],"9":[27,23,24],"10":[21,6],"11":[1,26]},"_coverageSchema":"1a1c01bbd47fc00a2c39e90264f33305004495a9","hash":"edc6cc5e37d3f79651f10d5d6402d7488445adab"}
}
