TN:
SF:src/index.js
FN:12,(anonymous_0)
FN:22,(anonymous_1)
FN:27,(anonymous_2)
FN:28,(anonymous_3)
FN:31,(anonymous_4)
FN:41,(anonymous_5)
FN:65,(anonymous_6)
FNF:7
FNH:7
FNDA:23,(anonymous_0)
FNDA:22,(anonymous_1)
FNDA:29,(anonymous_2)
FNDA:34,(anonymous_3)
FNDA:6,(anonymous_4)
FNDA:23,(anonymous_5)
FNDA:5,(anonymous_6)
DA:10,1
DA:13,23
DA:16,23
DA:24,22
DA:27,23
DA:28,34
DA:33,6
DA:34,1
DA:37,5
DA:42,23
DA:49,23
DA:53,23
DA:58,23
DA:66,5
DA:73,5
DA:83,1
DA:145,1
LF:17
LH:17
BRDA:33,0,0,1
BRDA:33,0,1,5
BRDA:67,1,0,5
BRDA:67,1,1,4
BRDA:68,2,0,5
BRDA:68,2,1,0
BRDA:75,3,0,5
BRDA:75,3,1,2
BRF:8
BRH:7
end_of_record
TN:
SF:src/core/enums.js
FNF:0
FNH:0
DA:1,1
LF:1
LH:1
BRF:0
BRH:0
end_of_record
TN:
SF:src/core/config/configure.js
FN:17,_configureScale
FN:25,_configureTicks
FN:41,_configureTickData
FN:42,(anonymous_3)
FN:56,_configureArc
FN:65,(anonymous_5)
FN:69,(anonymous_6)
FNF:7
FNH:7
FNDA:28,_configureScale
FNDA:23,_configureTicks
FNDA:23,_configureTickData
FNDA:2095,(anonymous_3)
FNDA:23,_configureArc
FNDA:2096,(anonymous_5)
FNDA:2096,(anonymous_6)
DA:12,1
DA:13,1
DA:14,1
DA:15,1
DA:18,28
DA:26,23
DA:28,23
DA:34,23
DA:35,1
DA:38,23
DA:42,23
DA:43,2095
DA:46,23
DA:53,23
DA:57,23
DA:59,23
DA:60,23
DA:62,23
DA:66,2096
DA:67,2096
DA:70,2096
DA:71,2096
DA:74,23
LF:23
LH:23
BRDA:34,0,0,1
BRDA:34,0,1,22
BRDA:34,1,0,23
BRDA:34,1,1,1
BRF:4
BRH:4
end_of_record
TN:
SF:src/core/config/index.js
FN:80,(anonymous_0)
FN:142,(anonymous_1)
FNF:2
FNH:2
FNDA:23,(anonymous_0)
FNDA:5,(anonymous_1)
DA:10,1
DA:68,1
DA:80,1
DA:81,23
DA:139,23
DA:142,1
DA:143,5
LF:7
LH:7
BRDA:85,0,0,0
BRDA:85,0,1,23
BRDA:86,1,0,0
BRDA:86,1,1,23
BRDA:118,2,0,3
BRDA:118,2,1,20
BRF:6
BRH:4
end_of_record
TN:
SF:src/core/render/index.js
FN:25,(anonymous_0)
FN:41,(anonymous_1)
FN:61,_renderSVG
FN:78,_renderArcs
FN:93,(anonymous_4)
FN:104,_renderLabels
FN:153,(anonymous_6)
FN:175,_renderCustomSegmentLabels
FN:188,_calculateAngle
FN:198,(anonymous_9)
FN:225,(anonymous_10)
FN:237,(anonymous_11)
FN:242,(anonymous_12)
FN:244,(anonymous_13)
FN:251,_renderCurrentValueText
FN:274,_renderNeedle
FNF:16
FNH:16
FNDA:28,(anonymous_0)
FNDA:23,(anonymous_1)
FNDA:23,_renderSVG
FNDA:23,_renderArcs
FNDA:2096,(anonymous_4)
FNDA:23,_renderLabels
FNDA:120,(anonymous_6)
FNDA:1,_renderCustomSegmentLabels
FNDA:10,_calculateAngle
FNDA:5,(anonymous_9)
FNDA:5,(anonymous_10)
FNDA:5,(anonymous_11)
FNDA:5,(anonymous_12)
FNDA:5,(anonymous_13)
FNDA:23,_renderCurrentValueText
FNDA:23,_renderNeedle
DA:25,1
DA:26,28
DA:27,28
DA:28,28
DA:30,28
DA:32,28
DA:38,28
DA:41,1
DA:42,23
DA:43,23
DA:49,23
DA:51,23
DA:52,23
DA:54,23
DA:63,23
DA:64,23
DA:66,23
DA:79,23
DA:80,23
DA:82,23
DA:87,23
DA:95,2096
DA:96,13
DA:99,2083
DA:105,23
DA:106,23
DA:107,23
DA:108,23
DA:111,23
DA:114,23
DA:116,23
DA:119,23
DA:120,0
DA:128,23
DA:129,1
DA:140,1
DA:144,22
DA:149,22
DA:155,120
DA:159,120
DA:161,120
DA:185,1
DA:190,10
DA:192,10
DA:194,10
DA:198,1
DA:199,5
DA:200,5
DA:202,5
DA:203,5
DA:205,5
DA:206,5
DA:208,5
DA:211,1
DA:212,1
DA:214,1
DA:216,1
DA:221,1
DA:226,5
DA:228,5
DA:230,5
DA:235,5
DA:237,5
DA:242,5
DA:244,5
DA:252,23
DA:254,23
DA:256,23
DA:275,23
DA:280,23
DA:288,23
DA:290,23
DA:297,23
LF:73
LH:72
BRDA:95,0,0,13
BRDA:95,0,1,2083
BRDA:95,1,0,2096
BRDA:95,1,1,13
BRDA:114,2,0,23
BRDA:114,2,1,23
BRDA:116,3,0,23
BRDA:116,3,1,1
BRDA:119,4,0,0
BRDA:119,4,1,23
BRDA:119,5,0,23
BRDA:119,5,1,1
BRDA:128,6,0,1
BRDA:128,6,1,22
BRDA:128,7,0,23
BRDA:128,7,1,1
BRDA:155,8,0,115
BRDA:155,8,1,5
BRDA:190,9,0,10
BRDA:190,9,1,0
BRDA:235,10,0,0
BRDA:235,10,1,5
BRDA:237,11,0,5
BRDA:237,11,1,0
BRDA:242,12,0,5
BRDA:242,12,1,4
BRDA:244,13,0,5
BRDA:244,13,1,0
BRF:28
BRH:23
end_of_record
TN:
SF:src/core/util/get-needle-transition.js
FN:35,getNeedleTransition
FNF:1
FNH:1
FNDA:57,getNeedleTransition
DA:36,57
DA:39,1
DA:42,1
DA:45,1
DA:48,28
DA:51,1
DA:54,1
DA:57,1
DA:60,1
DA:63,1
DA:66,1
DA:69,1
DA:72,1
DA:75,1
DA:78,1
DA:81,1
DA:84,1
DA:87,1
DA:90,1
DA:93,1
DA:96,1
DA:99,1
DA:102,1
DA:105,1
DA:108,1
DA:111,1
DA:114,1
DA:117,1
DA:120,1
DA:123,1
DA:127,1
DA:130,1
LF:32
LH:32
BRDA:36,0,0,1
BRDA:36,0,1,1
BRDA:36,0,2,1
BRDA:36,0,3,28
BRDA:36,0,4,1
BRDA:36,0,5,1
BRDA:36,0,6,1
BRDA:36,0,7,1
BRDA:36,0,8,1
BRDA:36,0,9,1
BRDA:36,0,10,1
BRDA:36,0,11,1
BRDA:36,0,12,1
BRDA:36,0,13,1
BRDA:36,0,14,1
BRDA:36,0,15,1
BRDA:36,0,16,1
BRDA:36,0,17,1
BRDA:36,0,18,1
BRDA:36,0,19,1
BRDA:36,0,20,1
BRDA:36,0,21,1
BRDA:36,0,22,1
BRDA:36,0,23,1
BRDA:36,0,24,1
BRDA:36,0,25,1
BRDA:36,0,26,1
BRDA:36,0,27,1
BRDA:36,0,28,1
BRDA:36,0,29,1
BRF:30
BRH:30
end_of_record
TN:
SF:src/core/util/index.js
FN:14,sumArrayTill
FN:24,calculateSegmentStops
FN:53,(anonymous_2)
FN:65,calculateNeedleHeight
FN:72,calculateSegmentLabelCount
FN:87,calculateScale
FN:94,calculateTicks
FN:106,(anonymous_7)
FN:121,formatCurrentValueText
FN:131,deg2rad
FN:135,centerTranslation
FN:139,getRadius
FNF:12
FNH:12
FNDA:4197,sumArrayTill
FNDA:30,calculateSegmentStops
FNDA:15,(anonymous_2)
FNDA:26,calculateNeedleHeight
FNDA:24,calculateSegmentLabelCount
FNDA:32,calculateScale
FNDA:27,calculateTicks
FNDA:1103,(anonymous_7)
FNDA:28,formatCurrentValueText
FNDA:4192,deg2rad
FNDA:23,centerTranslation
FNDA:23,getRadius
DA:15,4197
DA:30,30
DA:32,24
DA:38,6
DA:39,1
DA:45,5
DA:46,1
DA:53,4
DA:54,15
DA:56,4
DA:58,11
DA:61,4
DA:66,26
DA:67,1
DA:69,25
DA:76,24
DA:77,24
DA:79,24
DA:88,32
DA:95,27
DA:96,27
DA:100,27
DA:102,27
DA:104,21
DA:105,21
DA:106,21
DA:107,1103
DA:111,27
DA:113,1
DA:116,27
DA:123,28
DA:125,28
DA:128,28
DA:132,4192
DA:136,23
DA:140,23
LF:36
LH:36
BRDA:30,0,0,24
BRDA:30,0,1,6
BRDA:30,1,0,30
BRDA:30,1,1,29
BRDA:38,2,0,1
BRDA:38,2,1,5
BRDA:45,3,0,1
BRDA:45,3,1,4
BRDA:54,4,0,4
BRDA:54,4,1,11
BRDA:66,5,0,1
BRDA:66,5,1,25
BRDA:66,6,0,26
BRDA:66,6,1,26
BRDA:79,7,0,3
BRDA:79,7,1,21
BRDA:79,8,0,24
BRDA:79,8,1,24
BRDA:79,8,2,4
BRDA:100,9,0,27
BRDA:100,9,1,23
BRDA:100,9,2,24
BRDA:102,10,0,21
BRDA:102,10,1,6
BRDA:111,11,0,1
BRDA:111,11,1,26
BRF:26
BRH:26
end_of_record
